<component name="libraryTable">
  <library name="junit.junit5.api" type="repository">
    <properties maven-id="org.junit:junit5-api:5.0.0-ALPHA" />
    <CLASSES>
      <root url="jar://$PROJECT_DIR$/lib/junit5-api-5.0.0-ALPHA.jar!/" />
      <root url="jar://$PROJECT_DIR$/lib/opentest4j-1.0.0-ALPHA.jar!/" />
      <root url="jar://$PROJECT_DIR$/lib/junit-commons-5.0.0-ALPHA.jar!/" />
    </CLASSES>
    <JAVADOC />
    <SOURCES />
  </library>
</component>