<component name="libraryTable">
  <library name="junit.jupiter" type="repository">
    <properties maven-id="org.junit.jupiter:junit-jupiter:5.11.0-M1" />
    <CLASSES>
      <root url="jar://$PROJECT_DIR$/lib/junit-jupiter-5.11.0-M1.jar!/" />
      <root url="jar://$PROJECT_DIR$/lib/junit-jupiter-api-5.11.0-M1.jar!/" />
      <root url="jar://$PROJECT_DIR$/lib/opentest4j-1.3.0.jar!/" />
      <root url="jar://$PROJECT_DIR$/lib/junit-platform-commons-1.11.0-M1.jar!/" />
      <root url="jar://$PROJECT_DIR$/lib/apiguardian-api-1.1.2.jar!/" />
      <root url="jar://$PROJECT_DIR$/lib/junit-jupiter-params-5.11.0-M1.jar!/" />
      <root url="jar://$PROJECT_DIR$/lib/junit-jupiter-engine-5.11.0-M1.jar!/" />
      <root url="jar://$PROJECT_DIR$/lib/junit-platform-engine-1.11.0-M1.jar!/" />
    </CLASSES>
    <JAVADOC />
    <SOURCES />
  </library>
</component>